生成启动时间为 2015/7/10 星期五 13:39:03。
     1>项目“G:\H.264\H264Decode2048\H264Decode\H264Decode.vcxproj”在节点 2 上(rebuild 个目标)。
     1>InitializeBuildStatus:
         正在创建“Debug\H264Decode.unsuccessfulbuild”，因为已指定“AlwaysCreate”。
       ClCompile:
         C:\Program Files\Microsoft Visual Studio 10.0\VC\bin\CL.exe /c /ZI /nologo /W3 /WX- /Od /Oy- /D WIN32 /D _WINDOWS /D _DEBUG /D _UNICODE /D UNICODE /Gm /EHsc /RTC1 /MTd /GS /fp:precise /Zc:wchar_t /Zc:forScope /Yc"StdAfx.h" /Fp"Debug\H264Decode.pch" /Fo"Debug\\" /Fd"Debug\vc100.pdb" /Gd /TP /analyze- /errorReport:prompt stdafx.cpp
         stdafx.cpp
         C:\Program Files\Microsoft Visual Studio 10.0\VC\bin\CL.exe /c /ZI /nologo /W3 /WX- /Od /Oy- /D WIN32 /D _WINDOWS /D _DEBUG /D _UNICODE /D UNICODE /Gm /EHsc /RTC1 /MTd /GS /fp:precise /Zc:wchar_t /Zc:forScope /Yu"StdAfx.h" /Fp"Debug\H264Decode.pch" /Fo"Debug\\" /Fd"Debug\vc100.pdb" /Gd /TP /analyze- /errorReport:prompt DisplayParaDlg.cpp H264Decode.cpp H264DecodeDlg.cpp WRITEAVI.CPP
         WRITEAVI.CPP
     1>g:\h.264\h264decode2048\h264decode\writeavi.cpp(100): warning C4101: “lpBits”: 未引用的局部变量
     1>g:\h.264\h264decode2048\h264decode\writeavi.cpp(95): warning C4101: “hdc”: 未引用的局部变量
         H264DecodeDlg.cpp
     1>g:\h.264\h264decode2048\h264decode\h264decodedlg.cpp(436): warning C4018: “<”: 有符号/无符号不匹配
     1>g:\h.264\h264decode2048\h264decode\h264decodedlg.cpp(467): warning C4996: 'fopen': This function or variable may be unsafe. Consider using fopen_s instead. To disable deprecation, use _CRT_SECURE_NO_WARNINGS. See online help for details.
                 c:\program files\microsoft visual studio 10.0\vc\include\stdio.h(234) : 参见“fopen”的声明
     1>g:\h.264\h264decode2048\h264decode\h264decodedlg.cpp(601): warning C4996: 'wcstombs': This function or variable may be unsafe. Consider using wcstombs_s instead. To disable deprecation, use _CRT_SECURE_NO_WARNINGS. See online help for details.
                 c:\program files\microsoft visual studio 10.0\vc\include\stdlib.h(533) : 参见“wcstombs”的声明
         H264Decode.cpp
         DisplayParaDlg.cpp
         正在生成代码...
       ResourceCompile:
         C:\Program Files\Microsoft SDKs\Windows\v7.0A\bin\rc.exe /D _DEBUG /D _UNICODE /D UNICODE /l"0x0804" /IDebug\ /nologo /fo"Debug\H264Decode.res" H264Decode.rc 
       ManifestResourceCompile:
         C:\Program Files\Microsoft SDKs\Windows\v7.0A\bin\rc.exe /nologo /fo"Debug\H264Decode.exe.embed.manifest.res" Debug\H264Decode_manifest.rc 
       Link:
         C:\Program Files\Microsoft Visual Studio 10.0\VC\bin\link.exe /ERRORREPORT:PROMPT /OUT:"G:\H.264\H264Decode2048\Debug\H264Decode.exe" /INCREMENTAL /NOLOGO h264_frm_dec_web.lib Sinc_Interp.lib /NODEFAULTLIB:libc.lib /NODEFAULTLIB:libcmt.lib /MANIFEST /ManifestFile:"Debug\H264Decode.exe.intermediate.manifest" /MANIFESTUAC:"level='asInvoker' uiAccess='false'" /DEBUG /PDB:"G:\H.264\H264Decode2048\Debug\H264Decode.pdb" /SUBSYSTEM:WINDOWS /TLBID:1 /ENTRY:"wWinMainCRTStartup" /DYNAMICBASE /NXCOMPAT /IMPLIB:"G:\H.264\H264Decode2048\Debug\H264Decode.lib" /MACHINE:X86 Debug\H264Decode.res
         Debug\H264Decode.exe.embed.manifest.res
         Debug\DisplayParaDlg.obj
         Debug\H264Decode.obj
         Debug\H264DecodeDlg.obj
         Debug\stdafx.obj
         Debug\WRITEAVI.obj
         h264_frm_dec_web.lib
         h264_frm_dec_web.lib(video_dec.obj) : 找到 MSIL .netmodule 或使用 /GL 编译的模块；正在使用 /LTCG 重新启动链接；将 /LTCG 添加到链接命令行以改进链接器性能
     1>LINK : warning LNK4075: 忽略“/INCREMENTAL”(由于“/LTCG”规范)
         正在生成代码
         已完成代码的生成
     1>Sinc_Interp.lib(SincInterp.obj) : warning LNK4099: 未找到 PDB“vc60.pdb”(使用“Sinc_Interp.lib(SincInterp.obj)”或在“G:\H.264\H264Decode2048\Debug\vc60.pdb”中寻找)；正在链接对象，如同没有调试信息一样
     1>Sinc_Interp.lib(ToolFunc.obj) : warning LNK4099: 未找到 PDB“vc60.pdb”(使用“Sinc_Interp.lib(ToolFunc.obj)”或在“G:\H.264\H264Decode2048\Debug\vc60.pdb”中寻找)；正在链接对象，如同没有调试信息一样
       Manifest:
         正在删除文件“Debug\H264Decode.exe.embed.manifest”。
         C:\Program Files\Microsoft SDKs\Windows\v7.0A\bin\mt.exe /nologo /verbose /out:"Debug\H264Decode.exe.embed.manifest" /manifest Debug\H264Decode.exe.intermediate.manifest "C:\Program Files\Microsoft Visual Studio 10.0\VC\Include\Manifest\dpiaware.manifest"
         C:\Program Files\Microsoft SDKs\Windows\v7.0A\bin\rc.exe /nologo /fo"Debug\H264Decode.exe.embed.manifest.res" Debug\H264Decode_manifest.rc 
       LinkEmbedManifest:
         C:\Program Files\Microsoft Visual Studio 10.0\VC\bin\link.exe /ERRORREPORT:PROMPT /OUT:"G:\H.264\H264Decode2048\Debug\H264Decode.exe" /INCREMENTAL /NOLOGO h264_frm_dec_web.lib Sinc_Interp.lib /NODEFAULTLIB:libc.lib /NODEFAULTLIB:libcmt.lib /MANIFEST /ManifestFile:"Debug\H264Decode.exe.intermediate.manifest" /MANIFESTUAC:"level='asInvoker' uiAccess='false'" /DEBUG /PDB:"G:\H.264\H264Decode2048\Debug\H264Decode.pdb" /SUBSYSTEM:WINDOWS /TLBID:1 /ENTRY:"wWinMainCRTStartup" /DYNAMICBASE /NXCOMPAT /IMPLIB:"G:\H.264\H264Decode2048\Debug\H264Decode.lib" /MACHINE:X86 Debug\H264Decode.res
         Debug\H264Decode.exe.embed.manifest.res
         Debug\DisplayParaDlg.obj
         Debug\H264Decode.obj
         Debug\H264DecodeDlg.obj
         Debug\stdafx.obj
         Debug\WRITEAVI.obj
         h264_frm_dec_web.lib
         h264_frm_dec_web.lib(video_dec.obj) : 找到 MSIL .netmodule 或使用 /GL 编译的模块；正在使用 /LTCG 重新启动链接；将 /LTCG 添加到链接命令行以改进链接器性能
     1>LINK : warning LNK4075: 忽略“/INCREMENTAL”(由于“/LTCG”规范)
         正在生成代码
         已完成代码的生成
     1>Sinc_Interp.lib(SincInterp.obj) : warning LNK4099: 未找到 PDB“vc60.pdb”(使用“Sinc_Interp.lib(SincInterp.obj)”或在“G:\H.264\H264Decode2048\Debug\vc60.pdb”中寻找)；正在链接对象，如同没有调试信息一样
     1>Sinc_Interp.lib(ToolFunc.obj) : warning LNK4099: 未找到 PDB“vc60.pdb”(使用“Sinc_Interp.lib(ToolFunc.obj)”或在“G:\H.264\H264Decode2048\Debug\vc60.pdb”中寻找)；正在链接对象，如同没有调试信息一样
         H264Decode.vcxproj -> G:\H.264\H264Decode2048\Debug\H264Decode.exe
       FinalizeBuildStatus:
         正在删除文件“Debug\H264Decode.unsuccessfulbuild”。
         正在对“Debug\H264Decode.lastbuildstate”执行 Touch 任务。
     1>已完成生成项目“G:\H.264\H264Decode2048\H264Decode\H264Decode.vcxproj”(rebuild 个目标)的操作。

生成成功。

已用时间 00:00:06.86
